<?xml version="1.0" encoding="UTF-8"?>
<testsuite xmlns:xsi="http://www.w3.org/2001/XMLSchema-instance" xsi:noNamespaceSchemaLocation="https://maven.apache.org/surefire/maven-surefire-plugin/xsd/surefire-test-report.xsd" version="3.0.1" name="denardev.test.ConditionsTest" time="0.11" tests="10" errors="0" skipped="4" failures="0">
  <properties>
[...]
</properties>
  <testcase name="testDisabledOnJavaVendorOracle" classname="denardev.test.ConditionsTest" time="0.0">
    <skipped message="System property [java.vendor] with value [Oracle Corporation] matches regular expression [Oracle Corporation]"/>
  </testcase>
  <testcase name="testSystemProperties" classname="denardev.test.ConditionsTest" time="0.0">
    <system-out><![CDATA[java.specification.version: 23
sun.cpu.isalist: amd64
sun.jnu.encoding: Cp1252
java.class.path: C:\Users\Denar Ahmaron\IdeaProjects\belajar-java-unit-test\target\test-classes;C:\Users\Denar Ahmaron\IdeaProjects\belajar-java-unit-test\target\classes;C:\Users\Denar Ahmaron\.m2\repository\org\junit\jupiter\junit-jupiter-api\5.11.0\junit-jupiter-api-5.11.0.jar;C:\Users\Denar Ahmaron\.m2\repository\org\opentest4j\opentest4j\1.3.0\opentest4j-1.3.0.jar;C:\Users\Denar Ahmaron\.m2\repository\org\junit\platform\junit-platform-commons\1.11.0\junit-platform-commons-1.11.0.jar;C:\Users\Denar Ahmaron\.m2\repository\org\apiguardian\apiguardian-api\1.1.2\apiguardian-api-1.1.2.jar;C:\Users\Denar Ahmaron\.m2\repository\org\junit\jupiter\junit-jupiter-params\5.11.0\junit-jupiter-params-5.11.0.jar;
java.vm.vendor: Oracle Corporation
sun.arch.data.model: 64
user.variant: 
java.vendor.url: https://java.oracle.com/
user.timezone: Asia/Jakarta
java.vm.specification.version: 23
os.name: Windows 10
sun.java.launcher: SUN_STANDARD
user.country: US
sun.boot.library.path: C:\Program Files\Java\jdk-23\bin
sun.java.command: C:\Users\Denar Ahmaron\AppData\Local\Temp\surefire17720544923269902449\surefirebooter-20250315055046493_3.jar C:\Users\Denar Ahmaron\AppData\Local\Temp\surefire17720544923269902449 2025-03-15T05-50-46_247-jvmRun1 surefire-20250315055046493_1tmp surefire_0-20250315055046493_2tmp
jdk.debug: release
surefire.test.class.path: C:\Users\Denar Ahmaron\IdeaProjects\belajar-java-unit-test\target\test-classes;C:\Users\Denar Ahmaron\IdeaProjects\belajar-java-unit-test\target\classes;C:\Users\Denar Ahmaron\.m2\repository\org\junit\jupiter\junit-jupiter-api\5.11.0\junit-jupiter-api-5.11.0.jar;C:\Users\Denar Ahmaron\.m2\repository\org\opentest4j\opentest4j\1.3.0\opentest4j-1.3.0.jar;C:\Users\Denar Ahmaron\.m2\repository\org\junit\platform\junit-platform-commons\1.11.0\junit-platform-commons-1.11.0.jar;C:\Users\Denar Ahmaron\.m2\repository\org\apiguardian\apiguardian-api\1.1.2\apiguardian-api-1.1.2.jar;C:\Users\Denar Ahmaron\.m2\repository\org\junit\jupiter\junit-jupiter-params\5.11.0\junit-jupiter-params-5.11.0.jar;
sun.cpu.endian: little
user.home: C:\Users\Denar Ahmaron
user.language: en
java.specification.vendor: Oracle Corporation
java.version.date: 2024-10-15
java.home: C:\Program Files\Java\jdk-23
file.separator: \
basedir: C:\Users\Denar Ahmaron\IdeaProjects\belajar-java-unit-test
java.vm.compressedOopsMode: 32-bit
line.separator: 

java.vm.specification.vendor: Oracle Corporation
java.specification.name: Java Platform API Specification
surefire.real.class.path: C:\Users\Denar Ahmaron\AppData\Local\Temp\surefire17720544923269902449\surefirebooter-20250315055046493_3.jar
user.script: 
sun.management.compiler: HotSpot 64-Bit Tiered Compilers
java.runtime.version: 23.0.1+11-39
user.name: Denar Ahmaron
stdout.encoding: Cp1252
path.separator: ;
os.version: 10.0
java.runtime.name: Java(TM) SE Runtime Environment
file.encoding: UTF-8
java.vm.name: Java HotSpot(TM) 64-Bit Server VM
localRepository: C:\Users\Denar Ahmaron\.m2\repository
java.vendor.url.bug: https://bugreport.java.com/bugreport/
java.io.tmpdir: C:\Users\DENARA~1\AppData\Local\Temp\
java.version: 23.0.1
user.dir: C:\Users\Denar Ahmaron\IdeaProjects\belajar-java-unit-test
os.arch: amd64
java.vm.specification.name: Java Virtual Machine Specification
sun.os.patch.level: 
native.encoding: Cp1252
java.library.path: C:\Program Files\Java\jdk-23\bin;C:\Windows\Sun\Java\bin;C:\Windows\system32;C:\Windows;C:\Program Files\Common Files\Oracle\Java\javapath;C:\Windows\system32;C:\Windows;C:\Windows\System32\Wbem;C:\Windows\System32\WindowsPowerShell\v1.0\;C:\Windows\System32\OpenSSH\;C:\MinGW\bin;C:\xampp\php;C:\composer;C:\Program Files\nodejs\;C:\ProgramData\chocolatey\bin;C:\Program Files\PuTTY\;C:\Program Files\GitHub CLI\;C:\Program Files\Java\jdk-23\bin;C:\Program Files\Java\jdk-23\bin;C:\Program Files\Git\cmd;C:\Users\Denar Ahmaron\AppData\Local\Programs\Python\Python313\Scripts\;C:\Users\Denar Ahmaron\AppData\Local\Programs\Python\Python313\;C:\Users\Denar Ahmaron\AppData\Local\Microsoft\WindowsApps;C:\Users\Denar Ahmaron\AppData\Roaming\Composer\vendor\bin;C:\Users\Denar Ahmaron\AppData\Roaming\npm;C:\Users\Denar Ahmaron\AppData\Local\Programs\Microsoft VS Code\bin;C:\ffmpeg;C:\Program Files\JetBrains\IntelliJ IDEA 2024.3.1\bin;;C:\Program Files\JetBrains\IntelliJ IDEA Community Edition 2024.3.1\bin;;C:\Program Files\Java\jdk-23\bin;C:\Program Files\apache-maven\bin;;.
java.vm.info: mixed mode, sharing
stderr.encoding: Cp1252
java.vendor: Oracle Corporation
java.vm.version: 23.0.1+11-39
sun.io.unicode.encoding: UnicodeLittle
java.class.version: 67.0
]]></system-out>
  </testcase>
  <testcase name="testRunOnJava23" classname="denardev.test.ConditionsTest" time="0.016"/>
  <testcase name="testDisabledOnJava23" classname="denardev.test.ConditionsTest" time="0.0">
    <skipped message="Disabled on JRE version: 23.0.1"/>
  </testcase>
  <testcase name="testDisabledEnv" classname="denardev.test.ConditionsTest" time="0.015"/>
  <testcase name="testRunOnlyOnMac" classname="denardev.test.ConditionsTest" time="0.0">
    <skipped message="Disabled on operating system: Windows 10"/>
  </testcase>
  <testcase name="testEnabledOnJavaRange" classname="denardev.test.ConditionsTest" time="0.0"/>
  <testcase name="testEnabledEnv" classname="denardev.test.ConditionsTest" time="0.0">
    <skipped message="Environment variable [PROFILE] does not exist"/>
  </testcase>
  <testcase name="testEnabledOnJavaVendorOracle" classname="denardev.test.ConditionsTest" time="0.016"/>
  <testcase name="testDisabledOnMac" classname="denardev.test.ConditionsTest" time="0.0"/>
</testsuite>